[     445ms] [INFO] %cDownload the React DevTools for a better development experience: https://react.dev/link/react-devtools font-weight:bold @ http://localhost:3000/_next/static/chunks/node_modules_next_dist_f3530cac._.js:2297
[     638ms] [LOG] [HMR] connected @ http://localhost:3000/_next/static/chunks/node_modules_next_dist_f3530cac._.js:2297
[     919ms] [LOG] [Fast Refresh] rebuilding @ http://localhost:3000/_next/static/chunks/node_modules_next_dist_f3530cac._.js:2297
[    1244ms] [LOG] [Fast Refresh] done in 514ms @ http://localhost:3000/_next/static/chunks/node_modules_next_dist_f3530cac._.js:2297
[    1437ms] [LOG] [ECharts] Specified `grid.containLabel` but no `use(LegacyGridContainLabel)`;use `grid.outerBounds` instead. @ http://localhost:3000/_next/static/chunks/node_modules_next_dist_f3530cac._.js:2297
[   63391ms] [ERROR] Access to fetch at 'https://web.ifzq.gtimg.cn/appstock/app/kline/mkline?param=2330,day,,1' from origin 'http://localhost:3000' has been blocked by CORS policy: No 'Access-Control-Allow-Origin' header is present on the requested resource. @ http://localhost:3000/:0
[   63392ms] [ERROR] Failed to load resource: net::ERR_FAILED @ https://web.ifzq.gtimg.cn/appstock/app/kline/mkline?param=2330,day,,1:0
[   63392ms] [ERROR] Access to fetch at 'https://web.ifzq.gtimg.cn/appstock/app/kline/mkline?param=005930,day,,1' from origin 'http://localhost:3000' has been blocked by CORS policy: No 'Access-Control-Allow-Origin' header is present on the requested resource. @ http://localhost:3000/:0
[   63392ms] [ERROR] Failed to load resource: net::ERR_FAILED @ https://web.ifzq.gtimg.cn/appstock/app/kline/mkline?param=005930,day,,1:0
[   63392ms] [ERROR] Access to fetch at 'https://web.ifzq.gtimg.cn/appstock/app/kline/mkline?param=000660,day,,1' from origin 'http://localhost:3000' has been blocked by CORS policy: No 'Access-Control-Allow-Origin' header is present on the requested resource. @ http://localhost:3000/:0
[   63392ms] [ERROR] Failed to load resource: net::ERR_FAILED @ https://web.ifzq.gtimg.cn/appstock/app/kline/mkline?param=000660,day,,1:0
[   63392ms] [ERROR] Access to fetch at 'https://web.ifzq.gtimg.cn/appstock/app/kline/mkline?param=2454,day,,1' from origin 'http://localhost:3000' has been blocked by CORS policy: No 'Access-Control-Allow-Origin' header is present on the requested resource. @ http://localhost:3000/:0
[   63392ms] [ERROR] Failed to load resource: net::ERR_FAILED @ https://web.ifzq.gtimg.cn/appstock/app/kline/mkline?param=2454,day,,1:0
[   63392ms] [ERROR] Access to fetch at 'https://web.ifzq.gtimg.cn/appstock/app/kline/mkline?param=2308,day,,1' from origin 'http://localhost:3000' has been blocked by CORS policy: No 'Access-Control-Allow-Origin' header is present on the requested resource. @ http://localhost:3000/:0
[   63393ms] [ERROR] Failed to load resource: net::ERR_FAILED @ https://web.ifzq.gtimg.cn/appstock/app/kline/mkline?param=2308,day,,1:0
[   63393ms] [ERROR] Access to fetch at 'https://web.ifzq.gtimg.cn/appstock/app/kline/mkline?param=2345,day,,1' from origin 'http://localhost:3000' has been blocked by CORS policy: No 'Access-Control-Allow-Origin' header is present on the requested resource. @ http://localhost:3000/:0
[   63393ms] [ERROR] Failed to load resource: net::ERR_FAILED @ https://web.ifzq.gtimg.cn/appstock/app/kline/mkline?param=2345,day,,1:0
[   63393ms] [ERROR] Access to fetch at 'https://web.ifzq.gtimg.cn/appstock/app/kline/mkline?param=4062.T,day,,1' from origin 'http://localhost:3000' has been blocked by CORS policy: No 'Access-Control-Allow-Origin' header is present on the requested resource. @ http://localhost:3000/:0
[   63393ms] [ERROR] Failed to load resource: net::ERR_FAILED @ https://web.ifzq.gtimg.cn/appstock/app/kline/mkline?param=4062.T,day,,1:0
[   93622ms] [ERROR] Access to fetch at 'https://web.ifzq.gtimg.cn/appstock/app/kline/mkline?param=2330,day,,1' from origin 'http://localhost:3000' has been blocked by CORS policy: No 'Access-Control-Allow-Origin' header is present on the requested resource. @ http://localhost:3000/:0
[   93622ms] [ERROR] Failed to load resource: net::ERR_FAILED @ https://web.ifzq.gtimg.cn/appstock/app/kline/mkline?param=2330,day,,1:0
[   93622ms] [ERROR] Access to fetch at 'https://web.ifzq.gtimg.cn/appstock/app/kline/mkline?param=005930,day,,1' from origin 'http://localhost:3000' has been blocked by CORS policy: No 'Access-Control-Allow-Origin' header is present on the requested resource. @ http://localhost:3000/:0
[   93623ms] [ERROR] Failed to load resource: net::ERR_FAILED @ https://web.ifzq.gtimg.cn/appstock/app/kline/mkline?param=005930,day,,1:0
[   93623ms] [ERROR] Access to fetch at 'https://web.ifzq.gtimg.cn/appstock/app/kline/mkline?param=000660,day,,1' from origin 'http://localhost:3000' has been blocked by CORS policy: No 'Access-Control-Allow-Origin' header is present on the requested resource. @ http://localhost:3000/:0
[   93623ms] [ERROR] Failed to load resource: net::ERR_FAILED @ https://web.ifzq.gtimg.cn/appstock/app/kline/mkline?param=000660,day,,1:0
[   93625ms] [ERROR] Access to fetch at 'https://web.ifzq.gtimg.cn/appstock/app/kline/mkline?param=2454,day,,1' from origin 'http://localhost:3000' has been blocked by CORS policy: No 'Access-Control-Allow-Origin' header is present on the requested resource. @ http://localhost:3000/:0
[   93625ms] [ERROR] Failed to load resource: net::ERR_FAILED @ https://web.ifzq.gtimg.cn/appstock/app/kline/mkline?param=2454,day,,1:0
[   93625ms] [ERROR] Access to fetch at 'https://web.ifzq.gtimg.cn/appstock/app/kline/mkline?param=2308,day,,1' from origin 'http://localhost:3000' has been blocked by CORS policy: No 'Access-Control-Allow-Origin' header is present on the requested resource. @ http://localhost:3000/:0
[   93625ms] [ERROR] Failed to load resource: net::ERR_FAILED @ https://web.ifzq.gtimg.cn/appstock/app/kline/mkline?param=2308,day,,1:0
[   93625ms] [ERROR] Access to fetch at 'https://web.ifzq.gtimg.cn/appstock/app/kline/mkline?param=2345,day,,1' from origin 'http://localhost:3000' has been blocked by CORS policy: No 'Access-Control-Allow-Origin' header is present on the requested resource. @ http://localhost:3000/:0
[   93625ms] [ERROR] Failed to load resource: net::ERR_FAILED @ https://web.ifzq.gtimg.cn/appstock/app/kline/mkline?param=2345,day,,1:0
[   93626ms] [ERROR] Access to fetch at 'https://web.ifzq.gtimg.cn/appstock/app/kline/mkline?param=4062.T,day,,1' from origin 'http://localhost:3000' has been blocked by CORS policy: No 'Access-Control-Allow-Origin' header is present on the requested resource. @ http://localhost:3000/:0
[   93626ms] [ERROR] Failed to load resource: net::ERR_FAILED @ https://web.ifzq.gtimg.cn/appstock/app/kline/mkline?param=4062.T,day,,1:0
[  100709ms] [ERROR] Failed to load resource: net::ERR_CONNECTION_CLOSED @ https://web3.ifzq.gtimg.cn/appstock/app/kline/mkline?param=2330,day,,2:0
[  122035ms] [ERROR] Failed to load resource: the server responded with a status of 403 (Forbidden) @ https://hq.sinajs.cn/list=int_tsec_2330:0
[  124101ms] [ERROR] Access to fetch at 'https://web.ifzq.gtimg.cn/appstock/app/kline/mkline?param=2330,day,,1' from origin 'http://localhost:3000' has been blocked by CORS policy: No 'Access-Control-Allow-Origin' header is present on the requested resource. @ http://localhost:3000/:0
[  124101ms] [ERROR] Failed to load resource: net::ERR_FAILED @ https://web.ifzq.gtimg.cn/appstock/app/kline/mkline?param=2330,day,,1:0
[  124101ms] [ERROR] Access to fetch at 'https://web.ifzq.gtimg.cn/appstock/app/kline/mkline?param=005930,day,,1' from origin 'http://localhost:3000' has been blocked by CORS policy: No 'Access-Control-Allow-Origin' header is present on the requested resource. @ http://localhost:3000/:0
[  124101ms] [ERROR] Failed to load resource: net::ERR_FAILED @ https://web.ifzq.gtimg.cn/appstock/app/kline/mkline?param=005930,day,,1:0
[  124103ms] [ERROR] Access to fetch at 'https://web.ifzq.gtimg.cn/appstock/app/kline/mkline?param=000660,day,,1' from origin 'http://localhost:3000' has been blocked by CORS policy: No 'Access-Control-Allow-Origin' header is present on the requested resource. @ http://localhost:3000/:0
[  124103ms] [ERROR] Failed to load resource: net::ERR_FAILED @ https://web.ifzq.gtimg.cn/appstock/app/kline/mkline?param=000660,day,,1:0
[  124103ms] [ERROR] Access to fetch at 'https://web.ifzq.gtimg.cn/appstock/app/kline/mkline?param=2454,day,,1' from origin 'http://localhost:3000' has been blocked by CORS policy: No 'Access-Control-Allow-Origin' header is present on the requested resource. @ http://localhost:3000/:0
[  124103ms] [ERROR] Failed to load resource: net::ERR_FAILED @ https://web.ifzq.gtimg.cn/appstock/app/kline/mkline?param=2454,day,,1:0
[  124104ms] [ERROR] Access to fetch at 'https://web.ifzq.gtimg.cn/appstock/app/kline/mkline?param=2308,day,,1' from origin 'http://localhost:3000' has been blocked by CORS policy: No 'Access-Control-Allow-Origin' header is present on the requested resource. @ http://localhost:3000/:0
[  124104ms] [ERROR] Failed to load resource: net::ERR_FAILED @ https://web.ifzq.gtimg.cn/appstock/app/kline/mkline?param=2308,day,,1:0
[  124104ms] [ERROR] Access to fetch at 'https://web.ifzq.gtimg.cn/appstock/app/kline/mkline?param=2345,day,,1' from origin 'http://localhost:3000' has been blocked by CORS policy: No 'Access-Control-Allow-Origin' header is present on the requested resource. @ http://localhost:3000/:0
[  124104ms] [ERROR] Failed to load resource: net::ERR_FAILED @ https://web.ifzq.gtimg.cn/appstock/app/kline/mkline?param=2345,day,,1:0
[  124105ms] [ERROR] Access to fetch at 'https://web.ifzq.gtimg.cn/appstock/app/kline/mkline?param=4062.T,day,,1' from origin 'http://localhost:3000' has been blocked by CORS policy: No 'Access-Control-Allow-Origin' header is present on the requested resource. @ http://localhost:3000/:0
[  124105ms] [ERROR] Failed to load resource: net::ERR_FAILED @ https://web.ifzq.gtimg.cn/appstock/app/kline/mkline?param=4062.T,day,,1:0
[  152325ms] [ERROR] Failed to load resource: the server responded with a status of 404 (Not Found) @ https://quote.eastmoney.com/tw/2330.html:0
[  154524ms] [ERROR] Access to fetch at 'https://web.ifzq.gtimg.cn/appstock/app/kline/mkline?param=2330,day,,1' from origin 'http://localhost:3000' has been blocked by CORS policy: No 'Access-Control-Allow-Origin' header is present on the requested resource. @ http://localhost:3000/:0
[  154524ms] [ERROR] Failed to load resource: net::ERR_FAILED @ https://web.ifzq.gtimg.cn/appstock/app/kline/mkline?param=2330,day,,1:0
[  154524ms] [ERROR] Access to fetch at 'https://web.ifzq.gtimg.cn/appstock/app/kline/mkline?param=005930,day,,1' from origin 'http://localhost:3000' has been blocked by CORS policy: No 'Access-Control-Allow-Origin' header is present on the requested resource. @ http://localhost:3000/:0
[  154524ms] [ERROR] Failed to load resource: net::ERR_FAILED @ https://web.ifzq.gtimg.cn/appstock/app/kline/mkline?param=005930,day,,1:0
[  154525ms] [ERROR] Access to fetch at 'https://web.ifzq.gtimg.cn/appstock/app/kline/mkline?param=000660,day,,1' from origin 'http://localhost:3000' has been blocked by CORS policy: No 'Access-Control-Allow-Origin' header is present on the requested resource. @ http://localhost:3000/:0
[  154525ms] [ERROR] Failed to load resource: net::ERR_FAILED @ https://web.ifzq.gtimg.cn/appstock/app/kline/mkline?param=000660,day,,1:0
[  154527ms] [ERROR] Access to fetch at 'https://web.ifzq.gtimg.cn/appstock/app/kline/mkline?param=2454,day,,1' from origin 'http://localhost:3000' has been blocked by CORS policy: No 'Access-Control-Allow-Origin' header is present on the requested resource. @ http://localhost:3000/:0
[  154527ms] [ERROR] Failed to load resource: net::ERR_FAILED @ https://web.ifzq.gtimg.cn/appstock/app/kline/mkline?param=2454,day,,1:0
[  154527ms] [ERROR] Access to fetch at 'https://web.ifzq.gtimg.cn/appstock/app/kline/mkline?param=2308,day,,1' from origin 'http://localhost:3000' has been blocked by CORS policy: No 'Access-Control-Allow-Origin' header is present on the requested resource. @ http://localhost:3000/:0
[  154527ms] [ERROR] Failed to load resource: net::ERR_FAILED @ https://web.ifzq.gtimg.cn/appstock/app/kline/mkline?param=2308,day,,1:0
[  154527ms] [ERROR] Access to fetch at 'https://web.ifzq.gtimg.cn/appstock/app/kline/mkline?param=2345,day,,1' from origin 'http://localhost:3000' has been blocked by CORS policy: No 'Access-Control-Allow-Origin' header is present on the requested resource. @ http://localhost:3000/:0
[  154527ms] [ERROR] Failed to load resource: net::ERR_FAILED @ https://web.ifzq.gtimg.cn/appstock/app/kline/mkline?param=2345,day,,1:0
[  154528ms] [ERROR] Access to fetch at 'https://web.ifzq.gtimg.cn/appstock/app/kline/mkline?param=4062.T,day,,1' from origin 'http://localhost:3000' has been blocked by CORS policy: No 'Access-Control-Allow-Origin' header is present on the requested resource. @ http://localhost:3000/:0
[  154528ms] [ERROR] Failed to load resource: net::ERR_FAILED @ https://web.ifzq.gtimg.cn/appstock/app/kline/mkline?param=4062.T,day,,1:0
