[     438ms] [INFO] %cDownload the React DevTools for a better development experience: https://react.dev/link/react-devtools font-weight:bold @ http://localhost:3000/_next/static/chunks/node_modules_next_dist_f3530cac._.js:2297
[     538ms] [LOG] [HMR] connected @ http://localhost:3000/_next/static/chunks/node_modules_next_dist_f3530cac._.js:2297
[     820ms] [LOG] [ECharts] Specified `grid.containLabel` but no `use(LegacyGridContainLabel)`;use `grid.outerBounds` instead. @ http://localhost:3000/_next/static/chunks/node_modules_next_dist_f3530cac._.js:2297
[    1061ms] [ERROR] Access to fetch at 'https://web.ifzq.gtimg.cn/appstock/app/kline/mkline?param=2330,day,,1' from origin 'http://localhost:3000' has been blocked by CORS policy: No 'Access-Control-Allow-Origin' header is present on the requested resource. @ http://localhost:3000/:0
[    1062ms] [ERROR] Failed to load resource: net::ERR_FAILED @ https://web.ifzq.gtimg.cn/appstock/app/kline/mkline?param=2330,day,,1:0
[    1062ms] [ERROR] Access to fetch at 'https://web.ifzq.gtimg.cn/appstock/app/kline/mkline?param=005930,day,,1' from origin 'http://localhost:3000' has been blocked by CORS policy: No 'Access-Control-Allow-Origin' header is present on the requested resource. @ http://localhost:3000/:0
[    1062ms] [ERROR] Failed to load resource: net::ERR_FAILED @ https://web.ifzq.gtimg.cn/appstock/app/kline/mkline?param=005930,day,,1:0
[    1062ms] [ERROR] Access to fetch at 'https://web.ifzq.gtimg.cn/appstock/app/kline/mkline?param=000660,day,,1' from origin 'http://localhost:3000' has been blocked by CORS policy: No 'Access-Control-Allow-Origin' header is present on the requested resource. @ http://localhost:3000/:0
[    1063ms] [ERROR] Failed to load resource: net::ERR_FAILED @ https://web.ifzq.gtimg.cn/appstock/app/kline/mkline?param=000660,day,,1:0
[    1063ms] [ERROR] Access to fetch at 'https://web.ifzq.gtimg.cn/appstock/app/kline/mkline?param=2454,day,,1' from origin 'http://localhost:3000' has been blocked by CORS policy: No 'Access-Control-Allow-Origin' header is present on the requested resource. @ http://localhost:3000/:0
[    1063ms] [ERROR] Failed to load resource: net::ERR_FAILED @ https://web.ifzq.gtimg.cn/appstock/app/kline/mkline?param=2454,day,,1:0
[    1063ms] [ERROR] Access to fetch at 'https://web.ifzq.gtimg.cn/appstock/app/kline/mkline?param=2308,day,,1' from origin 'http://localhost:3000' has been blocked by CORS policy: No 'Access-Control-Allow-Origin' header is present on the requested resource. @ http://localhost:3000/:0
[    1063ms] [ERROR] Failed to load resource: net::ERR_FAILED @ https://web.ifzq.gtimg.cn/appstock/app/kline/mkline?param=2308,day,,1:0
[    1063ms] [ERROR] Access to fetch at 'https://web.ifzq.gtimg.cn/appstock/app/kline/mkline?param=2345,day,,1' from origin 'http://localhost:3000' has been blocked by CORS policy: No 'Access-Control-Allow-Origin' header is present on the requested resource. @ http://localhost:3000/:0
[    1063ms] [ERROR] Failed to load resource: net::ERR_FAILED @ https://web.ifzq.gtimg.cn/appstock/app/kline/mkline?param=2345,day,,1:0
[    1063ms] [ERROR] Access to fetch at 'https://web.ifzq.gtimg.cn/appstock/app/kline/mkline?param=4062.T,day,,1' from origin 'http://localhost:3000' has been blocked by CORS policy: No 'Access-Control-Allow-Origin' header is present on the requested resource. @ http://localhost:3000/:0
[    1063ms] [ERROR] Failed to load resource: net::ERR_FAILED @ https://web.ifzq.gtimg.cn/appstock/app/kline/mkline?param=4062.T,day,,1:0
[   20209ms] [ERROR] Access to fetch at 'https://query1.finance.yahoo.com/v8/finance/chart/2330.TW?interval=1d&range=2d' from origin 'http://localhost:3000' has been blocked by CORS policy: No 'Access-Control-Allow-Origin' header is present on the requested resource. @ http://localhost:3000/:0
[   20209ms] [ERROR] Failed to load resource: net::ERR_FAILED @ https://query1.finance.yahoo.com/v8/finance/chart/2330.TW?interval=1d&range=2d:0
[   31630ms] [ERROR] Access to fetch at 'https://web.ifzq.gtimg.cn/appstock/app/kline/mkline?param=2330,day,,1' from origin 'http://localhost:3000' has been blocked by CORS policy: No 'Access-Control-Allow-Origin' header is present on the requested resource. @ http://localhost:3000/:0
[   31630ms] [ERROR] Failed to load resource: net::ERR_FAILED @ https://web.ifzq.gtimg.cn/appstock/app/kline/mkline?param=2330,day,,1:0
[   31630ms] [ERROR] Access to fetch at 'https://web.ifzq.gtimg.cn/appstock/app/kline/mkline?param=005930,day,,1' from origin 'http://localhost:3000' has been blocked by CORS policy: No 'Access-Control-Allow-Origin' header is present on the requested resource. @ http://localhost:3000/:0
[   31630ms] [ERROR] Failed to load resource: net::ERR_FAILED @ https://web.ifzq.gtimg.cn/appstock/app/kline/mkline?param=005930,day,,1:0
[   31631ms] [ERROR] Access to fetch at 'https://web.ifzq.gtimg.cn/appstock/app/kline/mkline?param=000660,day,,1' from origin 'http://localhost:3000' has been blocked by CORS policy: No 'Access-Control-Allow-Origin' header is present on the requested resource. @ http://localhost:3000/:0
[   31631ms] [ERROR] Failed to load resource: net::ERR_FAILED @ https://web.ifzq.gtimg.cn/appstock/app/kline/mkline?param=000660,day,,1:0
[   31631ms] [ERROR] Access to fetch at 'https://web.ifzq.gtimg.cn/appstock/app/kline/mkline?param=2454,day,,1' from origin 'http://localhost:3000' has been blocked by CORS policy: No 'Access-Control-Allow-Origin' header is present on the requested resource. @ http://localhost:3000/:0
[   31631ms] [ERROR] Failed to load resource: net::ERR_FAILED @ https://web.ifzq.gtimg.cn/appstock/app/kline/mkline?param=2454,day,,1:0
[   31631ms] [ERROR] Access to fetch at 'https://web.ifzq.gtimg.cn/appstock/app/kline/mkline?param=2308,day,,1' from origin 'http://localhost:3000' has been blocked by CORS policy: No 'Access-Control-Allow-Origin' header is present on the requested resource. @ http://localhost:3000/:0
[   31631ms] [ERROR] Failed to load resource: net::ERR_FAILED @ https://web.ifzq.gtimg.cn/appstock/app/kline/mkline?param=2308,day,,1:0
[   31632ms] [ERROR] Access to fetch at 'https://web.ifzq.gtimg.cn/appstock/app/kline/mkline?param=2345,day,,1' from origin 'http://localhost:3000' has been blocked by CORS policy: No 'Access-Control-Allow-Origin' header is present on the requested resource. @ http://localhost:3000/:0
[   31632ms] [ERROR] Failed to load resource: net::ERR_FAILED @ https://web.ifzq.gtimg.cn/appstock/app/kline/mkline?param=2345,day,,1:0
[   31633ms] [ERROR] Access to fetch at 'https://web.ifzq.gtimg.cn/appstock/app/kline/mkline?param=4062.T,day,,1' from origin 'http://localhost:3000' has been blocked by CORS policy: No 'Access-Control-Allow-Origin' header is present on the requested resource. @ http://localhost:3000/:0
[   31633ms] [ERROR] Failed to load resource: net::ERR_FAILED @ https://web.ifzq.gtimg.cn/appstock/app/kline/mkline?param=4062.T,day,,1:0
[   62156ms] [ERROR] Access to fetch at 'https://web.ifzq.gtimg.cn/appstock/app/kline/mkline?param=2330,day,,1' from origin 'http://localhost:3000' has been blocked by CORS policy: No 'Access-Control-Allow-Origin' header is present on the requested resource. @ http://localhost:3000/:0
[   62156ms] [ERROR] Failed to load resource: net::ERR_FAILED @ https://web.ifzq.gtimg.cn/appstock/app/kline/mkline?param=2330,day,,1:0
[   62157ms] [ERROR] Access to fetch at 'https://web.ifzq.gtimg.cn/appstock/app/kline/mkline?param=005930,day,,1' from origin 'http://localhost:3000' has been blocked by CORS policy: No 'Access-Control-Allow-Origin' header is present on the requested resource. @ http://localhost:3000/:0
[   62157ms] [ERROR] Failed to load resource: net::ERR_FAILED @ https://web.ifzq.gtimg.cn/appstock/app/kline/mkline?param=005930,day,,1:0
[   62157ms] [ERROR] Access to fetch at 'https://web.ifzq.gtimg.cn/appstock/app/kline/mkline?param=000660,day,,1' from origin 'http://localhost:3000' has been blocked by CORS policy: No 'Access-Control-Allow-Origin' header is present on the requested resource. @ http://localhost:3000/:0
[   62157ms] [ERROR] Failed to load resource: net::ERR_FAILED @ https://web.ifzq.gtimg.cn/appstock/app/kline/mkline?param=000660,day,,1:0
[   62158ms] [ERROR] Access to fetch at 'https://web.ifzq.gtimg.cn/appstock/app/kline/mkline?param=2454,day,,1' from origin 'http://localhost:3000' has been blocked by CORS policy: No 'Access-Control-Allow-Origin' header is present on the requested resource. @ http://localhost:3000/:0
[   62158ms] [ERROR] Failed to load resource: net::ERR_FAILED @ https://web.ifzq.gtimg.cn/appstock/app/kline/mkline?param=2454,day,,1:0
[   62159ms] [ERROR] Access to fetch at 'https://web.ifzq.gtimg.cn/appstock/app/kline/mkline?param=2308,day,,1' from origin 'http://localhost:3000' has been blocked by CORS policy: No 'Access-Control-Allow-Origin' header is present on the requested resource. @ http://localhost:3000/:0
[   62159ms] [ERROR] Failed to load resource: net::ERR_FAILED @ https://web.ifzq.gtimg.cn/appstock/app/kline/mkline?param=2308,day,,1:0
[   62160ms] [ERROR] Access to fetch at 'https://web.ifzq.gtimg.cn/appstock/app/kline/mkline?param=2345,day,,1' from origin 'http://localhost:3000' has been blocked by CORS policy: No 'Access-Control-Allow-Origin' header is present on the requested resource. @ http://localhost:3000/:0
[   62160ms] [ERROR] Failed to load resource: net::ERR_FAILED @ https://web.ifzq.gtimg.cn/appstock/app/kline/mkline?param=2345,day,,1:0
[   62160ms] [ERROR] Access to fetch at 'https://web.ifzq.gtimg.cn/appstock/app/kline/mkline?param=4062.T,day,,1' from origin 'http://localhost:3000' has been blocked by CORS policy: No 'Access-Control-Allow-Origin' header is present on the requested resource. @ http://localhost:3000/:0
[   62160ms] [ERROR] Failed to load resource: net::ERR_FAILED @ https://web.ifzq.gtimg.cn/appstock/app/kline/mkline?param=4062.T,day,,1:0
[   65340ms] [ERROR] Access to fetch at 'https://query1.finance.yahoo.com/v8/finance/chart/2330.TW?interval=1d&range=2d' from origin 'http://localhost:3000' has been blocked by CORS policy: No 'Access-Control-Allow-Origin' header is present on the requested resource. @ http://localhost:3000/:0
[   65340ms] [ERROR] Failed to load resource: net::ERR_FAILED @ https://query1.finance.yahoo.com/v8/finance/chart/2330.TW?interval=1d&range=2d:0
[   87058ms] [ERROR] Access to fetch at 'https://web.ifzq.gtimg.cn/appstock/app/kline/mkline?app=web&param=2330,day,,2' from origin 'http://localhost:3000' has been blocked by CORS policy: No 'Access-Control-Allow-Origin' header is present on the requested resource. @ http://localhost:3000/:0
[   87058ms] [ERROR] Failed to load resource: net::ERR_FAILED @ https://web.ifzq.gtimg.cn/appstock/app/kline/mkline?app=web&param=2330,day,,2:0
[   92705ms] [ERROR] Access to fetch at 'https://web.ifzq.gtimg.cn/appstock/app/kline/mkline?param=2330,day,,1' from origin 'http://localhost:3000' has been blocked by CORS policy: No 'Access-Control-Allow-Origin' header is present on the requested resource. @ http://localhost:3000/:0
[   92705ms] [ERROR] Failed to load resource: net::ERR_FAILED @ https://web.ifzq.gtimg.cn/appstock/app/kline/mkline?param=2330,day,,1:0
[   92706ms] [ERROR] Access to fetch at 'https://web.ifzq.gtimg.cn/appstock/app/kline/mkline?param=005930,day,,1' from origin 'http://localhost:3000' has been blocked by CORS policy: No 'Access-Control-Allow-Origin' header is present on the requested resource. @ http://localhost:3000/:0
[   92706ms] [ERROR] Failed to load resource: net::ERR_FAILED @ https://web.ifzq.gtimg.cn/appstock/app/kline/mkline?param=005930,day,,1:0
[   92706ms] [ERROR] Access to fetch at 'https://web.ifzq.gtimg.cn/appstock/app/kline/mkline?param=000660,day,,1' from origin 'http://localhost:3000' has been blocked by CORS policy: No 'Access-Control-Allow-Origin' header is present on the requested resource. @ http://localhost:3000/:0
[   92706ms] [ERROR] Failed to load resource: net::ERR_FAILED @ https://web.ifzq.gtimg.cn/appstock/app/kline/mkline?param=000660,day,,1:0
[   92707ms] [ERROR] Access to fetch at 'https://web.ifzq.gtimg.cn/appstock/app/kline/mkline?param=2454,day,,1' from origin 'http://localhost:3000' has been blocked by CORS policy: No 'Access-Control-Allow-Origin' header is present on the requested resource. @ http://localhost:3000/:0
[   92707ms] [ERROR] Failed to load resource: net::ERR_FAILED @ https://web.ifzq.gtimg.cn/appstock/app/kline/mkline?param=2454,day,,1:0
[   92707ms] [ERROR] Access to fetch at 'https://web.ifzq.gtimg.cn/appstock/app/kline/mkline?param=2308,day,,1' from origin 'http://localhost:3000' has been blocked by CORS policy: No 'Access-Control-Allow-Origin' header is present on the requested resource. @ http://localhost:3000/:0
[   92707ms] [ERROR] Failed to load resource: net::ERR_FAILED @ https://web.ifzq.gtimg.cn/appstock/app/kline/mkline?param=2308,day,,1:0
[   92707ms] [ERROR] Access to fetch at 'https://web.ifzq.gtimg.cn/appstock/app/kline/mkline?param=2345,day,,1' from origin 'http://localhost:3000' has been blocked by CORS policy: No 'Access-Control-Allow-Origin' header is present on the requested resource. @ http://localhost:3000/:0
[   92708ms] [ERROR] Failed to load resource: net::ERR_FAILED @ https://web.ifzq.gtimg.cn/appstock/app/kline/mkline?param=2345,day,,1:0
[   92709ms] [ERROR] Access to fetch at 'https://web.ifzq.gtimg.cn/appstock/app/kline/mkline?param=4062.T,day,,1' from origin 'http://localhost:3000' has been blocked by CORS policy: No 'Access-Control-Allow-Origin' header is present on the requested resource. @ http://localhost:3000/:0
[   92709ms] [ERROR] Failed to load resource: net::ERR_FAILED @ https://web.ifzq.gtimg.cn/appstock/app/kline/mkline?param=4062.T,day,,1:0
[  105938ms] [ERROR] Failed to load resource: net::ERR_EMPTY_RESPONSE @ https://push2.eastmoney.com/api/qt/stock/get?secid=116.09988&fields=f43,f170,f171:0
[  105987ms] [ERROR] Failed to load resource: net::ERR_EMPTY_RESPONSE @ https://push2.eastmoney.com/api/qt/clist/get?fid=f3&po=1&pz=3&pn=1&np=1&fltt=2&invt=2&fs=m:119+t:2:0
[  106054ms] [ERROR] Failed to load resource: net::ERR_EMPTY_RESPONSE @ https://push2.eastmoney.com/api/qt/stock/get?secid=121.2330&fields=f43,f170,f171:0
[  123278ms] [ERROR] Access to fetch at 'https://web.ifzq.gtimg.cn/appstock/app/kline/mkline?param=2330,day,,1' from origin 'http://localhost:3000' has been blocked by CORS policy: No 'Access-Control-Allow-Origin' header is present on the requested resource. @ http://localhost:3000/:0
[  123278ms] [ERROR] Failed to load resource: net::ERR_FAILED @ https://web.ifzq.gtimg.cn/appstock/app/kline/mkline?param=2330,day,,1:0
[  123279ms] [ERROR] Access to fetch at 'https://web.ifzq.gtimg.cn/appstock/app/kline/mkline?param=005930,day,,1' from origin 'http://localhost:3000' has been blocked by CORS policy: No 'Access-Control-Allow-Origin' header is present on the requested resource. @ http://localhost:3000/:0
[  123279ms] [ERROR] Failed to load resource: net::ERR_FAILED @ https://web.ifzq.gtimg.cn/appstock/app/kline/mkline?param=005930,day,,1:0
[  123279ms] [ERROR] Access to fetch at 'https://web.ifzq.gtimg.cn/appstock/app/kline/mkline?param=000660,day,,1' from origin 'http://localhost:3000' has been blocked by CORS policy: No 'Access-Control-Allow-Origin' header is present on the requested resource. @ http://localhost:3000/:0
[  123279ms] [ERROR] Failed to load resource: net::ERR_FAILED @ https://web.ifzq.gtimg.cn/appstock/app/kline/mkline?param=000660,day,,1:0
[  123280ms] [ERROR] Access to fetch at 'https://web.ifzq.gtimg.cn/appstock/app/kline/mkline?param=2454,day,,1' from origin 'http://localhost:3000' has been blocked by CORS policy: No 'Access-Control-Allow-Origin' header is present on the requested resource. @ http://localhost:3000/:0
[  123280ms] [ERROR] Failed to load resource: net::ERR_FAILED @ https://web.ifzq.gtimg.cn/appstock/app/kline/mkline?param=2454,day,,1:0
[  123282ms] [ERROR] Access to fetch at 'https://web.ifzq.gtimg.cn/appstock/app/kline/mkline?param=2308,day,,1' from origin 'http://localhost:3000' has been blocked by CORS policy: No 'Access-Control-Allow-Origin' header is present on the requested resource. @ http://localhost:3000/:0
[  123282ms] [ERROR] Failed to load resource: net::ERR_FAILED @ https://web.ifzq.gtimg.cn/appstock/app/kline/mkline?param=2308,day,,1:0
[  123282ms] [ERROR] Access to fetch at 'https://web.ifzq.gtimg.cn/appstock/app/kline/mkline?param=2345,day,,1' from origin 'http://localhost:3000' has been blocked by CORS policy: No 'Access-Control-Allow-Origin' header is present on the requested resource. @ http://localhost:3000/:0
[  123282ms] [ERROR] Failed to load resource: net::ERR_FAILED @ https://web.ifzq.gtimg.cn/appstock/app/kline/mkline?param=2345,day,,1:0
[  123282ms] [ERROR] Access to fetch at 'https://web.ifzq.gtimg.cn/appstock/app/kline/mkline?param=4062.T,day,,1' from origin 'http://localhost:3000' has been blocked by CORS policy: No 'Access-Control-Allow-Origin' header is present on the requested resource. @ http://localhost:3000/:0
[  123282ms] [ERROR] Failed to load resource: net::ERR_FAILED @ https://web.ifzq.gtimg.cn/appstock/app/kline/mkline?param=4062.T,day,,1:0
[  134950ms] [ERROR] Failed to load resource: net::ERR_CONNECTION_CLOSED @ https://web3.ifzq.gtimg.cn/appstock/app/kline/mkline?param=2330,day,,2&callback=cb:0
[  140849ms] [ERROR] Failed to load resource: net::ERR_CONNECTION_CLOSED @ https://web3.ifzq.gtimg.cn/appstock/app/kline/mkline?param=2330,day,,2&cb=cb:0
[  153966ms] [ERROR] Access to fetch at 'https://web.ifzq.gtimg.cn/appstock/app/kline/mkline?param=2330,day,,1' from origin 'http://localhost:3000' has been blocked by CORS policy: No 'Access-Control-Allow-Origin' header is present on the requested resource. @ http://localhost:3000/:0
[  153966ms] [ERROR] Failed to load resource: net::ERR_FAILED @ https://web.ifzq.gtimg.cn/appstock/app/kline/mkline?param=2330,day,,1:0
[  153967ms] [ERROR] Access to fetch at 'https://web.ifzq.gtimg.cn/appstock/app/kline/mkline?param=005930,day,,1' from origin 'http://localhost:3000' has been blocked by CORS policy: No 'Access-Control-Allow-Origin' header is present on the requested resource. @ http://localhost:3000/:0
[  153967ms] [ERROR] Failed to load resource: net::ERR_FAILED @ https://web.ifzq.gtimg.cn/appstock/app/kline/mkline?param=005930,day,,1:0
[  153967ms] [ERROR] Access to fetch at 'https://web.ifzq.gtimg.cn/appstock/app/kline/mkline?param=000660,day,,1' from origin 'http://localhost:3000' has been blocked by CORS policy: No 'Access-Control-Allow-Origin' header is present on the requested resource. @ http://localhost:3000/:0
[  153968ms] [ERROR] Failed to load resource: net::ERR_FAILED @ https://web.ifzq.gtimg.cn/appstock/app/kline/mkline?param=000660,day,,1:0
[  153968ms] [ERROR] Access to fetch at 'https://web.ifzq.gtimg.cn/appstock/app/kline/mkline?param=2454,day,,1' from origin 'http://localhost:3000' has been blocked by CORS policy: No 'Access-Control-Allow-Origin' header is present on the requested resource. @ http://localhost:3000/:0
[  153968ms] [ERROR] Failed to load resource: net::ERR_FAILED @ https://web.ifzq.gtimg.cn/appstock/app/kline/mkline?param=2454,day,,1:0
[  153968ms] [ERROR] Access to fetch at 'https://web.ifzq.gtimg.cn/appstock/app/kline/mkline?param=2308,day,,1' from origin 'http://localhost:3000' has been blocked by CORS policy: No 'Access-Control-Allow-Origin' header is present on the requested resource. @ http://localhost:3000/:0
[  153969ms] [ERROR] Failed to load resource: net::ERR_FAILED @ https://web.ifzq.gtimg.cn/appstock/app/kline/mkline?param=2308,day,,1:0
[  153969ms] [ERROR] Access to fetch at 'https://web.ifzq.gtimg.cn/appstock/app/kline/mkline?param=2345,day,,1' from origin 'http://localhost:3000' has been blocked by CORS policy: No 'Access-Control-Allow-Origin' header is present on the requested resource. @ http://localhost:3000/:0
[  153969ms] [ERROR] Failed to load resource: net::ERR_FAILED @ https://web.ifzq.gtimg.cn/appstock/app/kline/mkline?param=2345,day,,1:0
[  153969ms] [ERROR] Access to fetch at 'https://web.ifzq.gtimg.cn/appstock/app/kline/mkline?param=4062.T,day,,1' from origin 'http://localhost:3000' has been blocked by CORS policy: No 'Access-Control-Allow-Origin' header is present on the requested resource. @ http://localhost:3000/:0
[  153970ms] [ERROR] Failed to load resource: net::ERR_FAILED @ https://web.ifzq.gtimg.cn/appstock/app/kline/mkline?param=4062.T,day,,1:0
[  172876ms] [ERROR] Access to fetch at 'https://gu.qq.com/i/2330' from origin 'http://localhost:3000' has been blocked by CORS policy: No 'Access-Control-Allow-Origin' header is present on the requested resource. @ http://localhost:3000/:0
[  172876ms] [ERROR] Failed to load resource: net::ERR_FAILED @ https://gu.qq.com/i/2330:0
[  184600ms] [ERROR] Access to fetch at 'https://web.ifzq.gtimg.cn/appstock/app/kline/mkline?param=2330,day,,1' from origin 'http://localhost:3000' has been blocked by CORS policy: No 'Access-Control-Allow-Origin' header is present on the requested resource. @ http://localhost:3000/:0
[  184600ms] [ERROR] Failed to load resource: net::ERR_FAILED @ https://web.ifzq.gtimg.cn/appstock/app/kline/mkline?param=2330,day,,1:0
[  184600ms] [ERROR] Access to fetch at 'https://web.ifzq.gtimg.cn/appstock/app/kline/mkline?param=005930,day,,1' from origin 'http://localhost:3000' has been blocked by CORS policy: No 'Access-Control-Allow-Origin' header is present on the requested resource. @ http://localhost:3000/:0
[  184600ms] [ERROR] Failed to load resource: net::ERR_FAILED @ https://web.ifzq.gtimg.cn/appstock/app/kline/mkline?param=005930,day,,1:0
[  184600ms] [ERROR] Access to fetch at 'https://web.ifzq.gtimg.cn/appstock/app/kline/mkline?param=000660,day,,1' from origin 'http://localhost:3000' has been blocked by CORS policy: No 'Access-Control-Allow-Origin' header is present on the requested resource. @ http://localhost:3000/:0
[  184600ms] [ERROR] Failed to load resource: net::ERR_FAILED @ https://web.ifzq.gtimg.cn/appstock/app/kline/mkline?param=000660,day,,1:0
[  184602ms] [ERROR] Access to fetch at 'https://web.ifzq.gtimg.cn/appstock/app/kline/mkline?param=2454,day,,1' from origin 'http://localhost:3000' has been blocked by CORS policy: No 'Access-Control-Allow-Origin' header is present on the requested resource. @ http://localhost:3000/:0
[  184602ms] [ERROR] Failed to load resource: net::ERR_FAILED @ https://web.ifzq.gtimg.cn/appstock/app/kline/mkline?param=2454,day,,1:0
[  184602ms] [ERROR] Access to fetch at 'https://web.ifzq.gtimg.cn/appstock/app/kline/mkline?param=2308,day,,1' from origin 'http://localhost:3000' has been blocked by CORS policy: No 'Access-Control-Allow-Origin' header is present on the requested resource. @ http://localhost:3000/:0
[  184602ms] [ERROR] Failed to load resource: net::ERR_FAILED @ https://web.ifzq.gtimg.cn/appstock/app/kline/mkline?param=2308,day,,1:0
[  184602ms] [ERROR] Access to fetch at 'https://web.ifzq.gtimg.cn/appstock/app/kline/mkline?param=2345,day,,1' from origin 'http://localhost:3000' has been blocked by CORS policy: No 'Access-Control-Allow-Origin' header is present on the requested resource. @ http://localhost:3000/:0
[  184602ms] [ERROR] Failed to load resource: net::ERR_FAILED @ https://web.ifzq.gtimg.cn/appstock/app/kline/mkline?param=2345,day,,1:0
[  184602ms] [ERROR] Access to fetch at 'https://web.ifzq.gtimg.cn/appstock/app/kline/mkline?param=4062.T,day,,1' from origin 'http://localhost:3000' has been blocked by CORS policy: No 'Access-Control-Allow-Origin' header is present on the requested resource. @ http://localhost:3000/:0
[  184602ms] [ERROR] Failed to load resource: net::ERR_FAILED @ https://web.ifzq.gtimg.cn/appstock/app/kline/mkline?param=4062.T,day,,1:0
[  215301ms] [ERROR] Access to fetch at 'https://web.ifzq.gtimg.cn/appstock/app/kline/mkline?param=2330,day,,1' from origin 'http://localhost:3000' has been blocked by CORS policy: No 'Access-Control-Allow-Origin' header is present on the requested resource. @ http://localhost:3000/:0
[  215301ms] [ERROR] Failed to load resource: net::ERR_FAILED @ https://web.ifzq.gtimg.cn/appstock/app/kline/mkline?param=2330,day,,1:0
[  215302ms] [ERROR] Access to fetch at 'https://web.ifzq.gtimg.cn/appstock/app/kline/mkline?param=005930,day,,1' from origin 'http://localhost:3000' has been blocked by CORS policy: No 'Access-Control-Allow-Origin' header is present on the requested resource. @ http://localhost:3000/:0
[  215302ms] [ERROR] Failed to load resource: net::ERR_FAILED @ https://web.ifzq.gtimg.cn/appstock/app/kline/mkline?param=005930,day,,1:0
[  215302ms] [ERROR] Access to fetch at 'https://web.ifzq.gtimg.cn/appstock/app/kline/mkline?param=000660,day,,1' from origin 'http://localhost:3000' has been blocked by CORS policy: No 'Access-Control-Allow-Origin' header is present on the requested resource. @ http://localhost:3000/:0
[  215302ms] [ERROR] Failed to load resource: net::ERR_FAILED @ https://web.ifzq.gtimg.cn/appstock/app/kline/mkline?param=000660,day,,1:0
[  215303ms] [ERROR] Access to fetch at 'https://web.ifzq.gtimg.cn/appstock/app/kline/mkline?param=2454,day,,1' from origin 'http://localhost:3000' has been blocked by CORS policy: No 'Access-Control-Allow-Origin' header is present on the requested resource. @ http://localhost:3000/:0
[  215303ms] [ERROR] Failed to load resource: net::ERR_FAILED @ https://web.ifzq.gtimg.cn/appstock/app/kline/mkline?param=2454,day,,1:0
[  215303ms] [ERROR] Access to fetch at 'https://web.ifzq.gtimg.cn/appstock/app/kline/mkline?param=2308,day,,1' from origin 'http://localhost:3000' has been blocked by CORS policy: No 'Access-Control-Allow-Origin' header is present on the requested resource. @ http://localhost:3000/:0
[  215303ms] [ERROR] Failed to load resource: net::ERR_FAILED @ https://web.ifzq.gtimg.cn/appstock/app/kline/mkline?param=2308,day,,1:0
[  215304ms] [ERROR] Access to fetch at 'https://web.ifzq.gtimg.cn/appstock/app/kline/mkline?param=2345,day,,1' from origin 'http://localhost:3000' has been blocked by CORS policy: No 'Access-Control-Allow-Origin' header is present on the requested resource. @ http://localhost:3000/:0
[  215304ms] [ERROR] Failed to load resource: net::ERR_FAILED @ https://web.ifzq.gtimg.cn/appstock/app/kline/mkline?param=2345,day,,1:0
[  215304ms] [ERROR] Access to fetch at 'https://web.ifzq.gtimg.cn/appstock/app/kline/mkline?param=4062.T,day,,1' from origin 'http://localhost:3000' has been blocked by CORS policy: No 'Access-Control-Allow-Origin' header is present on the requested resource. @ http://localhost:3000/:0
[  215304ms] [ERROR] Failed to load resource: net::ERR_FAILED @ https://web.ifzq.gtimg.cn/appstock/app/kline/mkline?param=4062.T,day,,1:0
