[     837ms] [INFO] %cDownload the React DevTools for a better development experience: https://react.dev/link/react-devtools font-weight:bold @ http://localhost:3000/_next/static/chunks/node_modules_next_dist_f3530cac._.js:2297
[     955ms] [LOG] [HMR] connected @ http://localhost:3000/_next/static/chunks/node_modules_next_dist_f3530cac._.js:2297
[    1467ms] [LOG] [ECharts] Specified `grid.containLabel` but no `use(LegacyGridContainLabel)`;use `grid.outerBounds` instead. @ http://localhost:3000/_next/static/chunks/node_modules_next_dist_f3530cac._.js:2297
[    1764ms] [ERROR] Access to fetch at 'https://web.ifzq.gtimg.cn/appstock/app/kline/mkline?param=2330,day,,1' from origin 'http://localhost:3000' has been blocked by CORS policy: No 'Access-Control-Allow-Origin' header is present on the requested resource. @ http://localhost:3000/:0
[    1765ms] [ERROR] Failed to load resource: net::ERR_FAILED @ https://web.ifzq.gtimg.cn/appstock/app/kline/mkline?param=2330,day,,1:0
[    1765ms] [ERROR] Access to fetch at 'https://web.ifzq.gtimg.cn/appstock/app/kline/mkline?param=005930,day,,1' from origin 'http://localhost:3000' has been blocked by CORS policy: No 'Access-Control-Allow-Origin' header is present on the requested resource. @ http://localhost:3000/:0
[    1765ms] [ERROR] Failed to load resource: net::ERR_FAILED @ https://web.ifzq.gtimg.cn/appstock/app/kline/mkline?param=005930,day,,1:0
[    1765ms] [ERROR] Access to fetch at 'https://web.ifzq.gtimg.cn/appstock/app/kline/mkline?param=000660,day,,1' from origin 'http://localhost:3000' has been blocked by CORS policy: No 'Access-Control-Allow-Origin' header is present on the requested resource. @ http://localhost:3000/:0
[    1765ms] [ERROR] Failed to load resource: net::ERR_FAILED @ https://web.ifzq.gtimg.cn/appstock/app/kline/mkline?param=000660,day,,1:0
[    1765ms] [ERROR] Access to fetch at 'https://web.ifzq.gtimg.cn/appstock/app/kline/mkline?param=2454,day,,1' from origin 'http://localhost:3000' has been blocked by CORS policy: No 'Access-Control-Allow-Origin' header is present on the requested resource. @ http://localhost:3000/:0
[    1765ms] [ERROR] Failed to load resource: net::ERR_FAILED @ https://web.ifzq.gtimg.cn/appstock/app/kline/mkline?param=2454,day,,1:0
[    1767ms] [ERROR] Access to fetch at 'https://web.ifzq.gtimg.cn/appstock/app/kline/mkline?param=2308,day,,1' from origin 'http://localhost:3000' has been blocked by CORS policy: No 'Access-Control-Allow-Origin' header is present on the requested resource. @ http://localhost:3000/:0
[    1767ms] [ERROR] Failed to load resource: net::ERR_FAILED @ https://web.ifzq.gtimg.cn/appstock/app/kline/mkline?param=2308,day,,1:0
[    1767ms] [ERROR] Access to fetch at 'https://web.ifzq.gtimg.cn/appstock/app/kline/mkline?param=2345,day,,1' from origin 'http://localhost:3000' has been blocked by CORS policy: No 'Access-Control-Allow-Origin' header is present on the requested resource. @ http://localhost:3000/:0
[    1767ms] [ERROR] Failed to load resource: net::ERR_FAILED @ https://web.ifzq.gtimg.cn/appstock/app/kline/mkline?param=2345,day,,1:0
[    1768ms] [ERROR] Access to fetch at 'https://web.ifzq.gtimg.cn/appstock/app/kline/mkline?param=4062.T,day,,1' from origin 'http://localhost:3000' has been blocked by CORS policy: No 'Access-Control-Allow-Origin' header is present on the requested resource. @ http://localhost:3000/:0
[    1768ms] [ERROR] Failed to load resource: net::ERR_FAILED @ https://web.ifzq.gtimg.cn/appstock/app/kline/mkline?param=4062.T,day,,1:0
[   19884ms] [ERROR] Failed to load resource: the server responded with a status of 403 (Forbidden) @ https://hq.sinajs.cn/list=tsec_2330:0
[   24873ms] [ERROR] Failed to load resource: the server responded with a status of 403 (Forbidden) @ https://hq.sinajs.cn/list=int_tsec_2330:0
[   29864ms] [ERROR] Failed to load resource: the server responded with a status of 403 (Forbidden) @ https://hq.sinajs.cn/list=tw_2330:0
[   32229ms] [ERROR] Access to fetch at 'https://web.ifzq.gtimg.cn/appstock/app/kline/mkline?param=2330,day,,1' from origin 'http://localhost:3000' has been blocked by CORS policy: No 'Access-Control-Allow-Origin' header is present on the requested resource. @ http://localhost:3000/:0
[   32229ms] [ERROR] Failed to load resource: net::ERR_FAILED @ https://web.ifzq.gtimg.cn/appstock/app/kline/mkline?param=2330,day,,1:0
[   32229ms] [ERROR] Access to fetch at 'https://web.ifzq.gtimg.cn/appstock/app/kline/mkline?param=005930,day,,1' from origin 'http://localhost:3000' has been blocked by CORS policy: No 'Access-Control-Allow-Origin' header is present on the requested resource. @ http://localhost:3000/:0
[   32229ms] [ERROR] Failed to load resource: net::ERR_FAILED @ https://web.ifzq.gtimg.cn/appstock/app/kline/mkline?param=005930,day,,1:0
[   32230ms] [ERROR] Access to fetch at 'https://web.ifzq.gtimg.cn/appstock/app/kline/mkline?param=000660,day,,1' from origin 'http://localhost:3000' has been blocked by CORS policy: No 'Access-Control-Allow-Origin' header is present on the requested resource. @ http://localhost:3000/:0
[   32230ms] [ERROR] Failed to load resource: net::ERR_FAILED @ https://web.ifzq.gtimg.cn/appstock/app/kline/mkline?param=000660,day,,1:0
[   32231ms] [ERROR] Access to fetch at 'https://web.ifzq.gtimg.cn/appstock/app/kline/mkline?param=2454,day,,1' from origin 'http://localhost:3000' has been blocked by CORS policy: No 'Access-Control-Allow-Origin' header is present on the requested resource. @ http://localhost:3000/:0
[   32231ms] [ERROR] Failed to load resource: net::ERR_FAILED @ https://web.ifzq.gtimg.cn/appstock/app/kline/mkline?param=2454,day,,1:0
[   32232ms] [ERROR] Access to fetch at 'https://web.ifzq.gtimg.cn/appstock/app/kline/mkline?param=2308,day,,1' from origin 'http://localhost:3000' has been blocked by CORS policy: No 'Access-Control-Allow-Origin' header is present on the requested resource. @ http://localhost:3000/:0
[   32232ms] [ERROR] Failed to load resource: net::ERR_FAILED @ https://web.ifzq.gtimg.cn/appstock/app/kline/mkline?param=2308,day,,1:0
[   32232ms] [ERROR] Access to fetch at 'https://web.ifzq.gtimg.cn/appstock/app/kline/mkline?param=2345,day,,1' from origin 'http://localhost:3000' has been blocked by CORS policy: No 'Access-Control-Allow-Origin' header is present on the requested resource. @ http://localhost:3000/:0
[   32232ms] [ERROR] Failed to load resource: net::ERR_FAILED @ https://web.ifzq.gtimg.cn/appstock/app/kline/mkline?param=2345,day,,1:0
[   32232ms] [ERROR] Access to fetch at 'https://web.ifzq.gtimg.cn/appstock/app/kline/mkline?param=4062.T,day,,1' from origin 'http://localhost:3000' has been blocked by CORS policy: No 'Access-Control-Allow-Origin' header is present on the requested resource. @ http://localhost:3000/:0
[   32232ms] [ERROR] Failed to load resource: net::ERR_FAILED @ https://web.ifzq.gtimg.cn/appstock/app/kline/mkline?param=4062.T,day,,1:0
[   62695ms] [ERROR] Access to fetch at 'https://web.ifzq.gtimg.cn/appstock/app/kline/mkline?param=2330,day,,1' from origin 'http://localhost:3000' has been blocked by CORS policy: No 'Access-Control-Allow-Origin' header is present on the requested resource. @ http://localhost:3000/:0
[   62696ms] [ERROR] Failed to load resource: net::ERR_FAILED @ https://web.ifzq.gtimg.cn/appstock/app/kline/mkline?param=2330,day,,1:0
[   62696ms] [ERROR] Access to fetch at 'https://web.ifzq.gtimg.cn/appstock/app/kline/mkline?param=005930,day,,1' from origin 'http://localhost:3000' has been blocked by CORS policy: No 'Access-Control-Allow-Origin' header is present on the requested resource. @ http://localhost:3000/:0
[   62696ms] [ERROR] Failed to load resource: net::ERR_FAILED @ https://web.ifzq.gtimg.cn/appstock/app/kline/mkline?param=005930,day,,1:0
[   62696ms] [ERROR] Access to fetch at 'https://web.ifzq.gtimg.cn/appstock/app/kline/mkline?param=000660,day,,1' from origin 'http://localhost:3000' has been blocked by CORS policy: No 'Access-Control-Allow-Origin' header is present on the requested resource. @ http://localhost:3000/:0
[   62696ms] [ERROR] Failed to load resource: net::ERR_FAILED @ https://web.ifzq.gtimg.cn/appstock/app/kline/mkline?param=000660,day,,1:0
[   62697ms] [ERROR] Access to fetch at 'https://web.ifzq.gtimg.cn/appstock/app/kline/mkline?param=2454,day,,1' from origin 'http://localhost:3000' has been blocked by CORS policy: No 'Access-Control-Allow-Origin' header is present on the requested resource. @ http://localhost:3000/:0
[   62697ms] [ERROR] Failed to load resource: net::ERR_FAILED @ https://web.ifzq.gtimg.cn/appstock/app/kline/mkline?param=2454,day,,1:0
[   62698ms] [ERROR] Access to fetch at 'https://web.ifzq.gtimg.cn/appstock/app/kline/mkline?param=2308,day,,1' from origin 'http://localhost:3000' has been blocked by CORS policy: No 'Access-Control-Allow-Origin' header is present on the requested resource. @ http://localhost:3000/:0
[   62698ms] [ERROR] Failed to load resource: net::ERR_FAILED @ https://web.ifzq.gtimg.cn/appstock/app/kline/mkline?param=2308,day,,1:0
[   62698ms] [ERROR] Access to fetch at 'https://web.ifzq.gtimg.cn/appstock/app/kline/mkline?param=2345,day,,1' from origin 'http://localhost:3000' has been blocked by CORS policy: No 'Access-Control-Allow-Origin' header is present on the requested resource. @ http://localhost:3000/:0
[   62698ms] [ERROR] Failed to load resource: net::ERR_FAILED @ https://web.ifzq.gtimg.cn/appstock/app/kline/mkline?param=2345,day,,1:0
[   62699ms] [ERROR] Access to fetch at 'https://web.ifzq.gtimg.cn/appstock/app/kline/mkline?param=4062.T,day,,1' from origin 'http://localhost:3000' has been blocked by CORS policy: No 'Access-Control-Allow-Origin' header is present on the requested resource. @ http://localhost:3000/:0
[   62699ms] [ERROR] Failed to load resource: net::ERR_FAILED @ https://web.ifzq.gtimg.cn/appstock/app/kline/mkline?param=4062.T,day,,1:0
[   62999ms] [ERROR] Access to fetch at 'https://hq.sinajs.cn/list=gb_aapl' from origin 'http://localhost:3000' has been blocked by CORS policy: No 'Access-Control-Allow-Origin' header is present on the requested resource. @ http://localhost:3000/:0
[   62999ms] [ERROR] Failed to load resource: net::ERR_FAILED @ https://hq.sinajs.cn/list=gb_aapl:0
[   69068ms] [ERROR] Failed to load resource: net::ERR_CONNECTION_CLOSED @ https://sinajs.cn/list=gb_aapl:0
[   69959ms] [ERROR] Failed to load resource: net::ERR_CONNECTION_CLOSED @ https://s.jiucaishuo.com/list=gb_aapl:0
[   93149ms] [ERROR] Access to fetch at 'https://web.ifzq.gtimg.cn/appstock/app/kline/mkline?param=2330,day,,1' from origin 'http://localhost:3000' has been blocked by CORS policy: No 'Access-Control-Allow-Origin' header is present on the requested resource. @ http://localhost:3000/:0
[   93149ms] [ERROR] Failed to load resource: net::ERR_FAILED @ https://web.ifzq.gtimg.cn/appstock/app/kline/mkline?param=2330,day,,1:0
[   93150ms] [ERROR] Access to fetch at 'https://web.ifzq.gtimg.cn/appstock/app/kline/mkline?param=005930,day,,1' from origin 'http://localhost:3000' has been blocked by CORS policy: No 'Access-Control-Allow-Origin' header is present on the requested resource. @ http://localhost:3000/:0
[   93150ms] [ERROR] Failed to load resource: net::ERR_FAILED @ https://web.ifzq.gtimg.cn/appstock/app/kline/mkline?param=005930,day,,1:0
[   93151ms] [ERROR] Access to fetch at 'https://web.ifzq.gtimg.cn/appstock/app/kline/mkline?param=000660,day,,1' from origin 'http://localhost:3000' has been blocked by CORS policy: No 'Access-Control-Allow-Origin' header is present on the requested resource. @ http://localhost:3000/:0
[   93151ms] [ERROR] Failed to load resource: net::ERR_FAILED @ https://web.ifzq.gtimg.cn/appstock/app/kline/mkline?param=000660,day,,1:0
[   93152ms] [ERROR] Access to fetch at 'https://web.ifzq.gtimg.cn/appstock/app/kline/mkline?param=2454,day,,1' from origin 'http://localhost:3000' has been blocked by CORS policy: No 'Access-Control-Allow-Origin' header is present on the requested resource. @ http://localhost:3000/:0
[   93152ms] [ERROR] Failed to load resource: net::ERR_FAILED @ https://web.ifzq.gtimg.cn/appstock/app/kline/mkline?param=2454,day,,1:0
[   93152ms] [ERROR] Access to fetch at 'https://web.ifzq.gtimg.cn/appstock/app/kline/mkline?param=2308,day,,1' from origin 'http://localhost:3000' has been blocked by CORS policy: No 'Access-Control-Allow-Origin' header is present on the requested resource. @ http://localhost:3000/:0
[   93152ms] [ERROR] Failed to load resource: net::ERR_FAILED @ https://web.ifzq.gtimg.cn/appstock/app/kline/mkline?param=2308,day,,1:0
[   93154ms] [ERROR] Access to fetch at 'https://web.ifzq.gtimg.cn/appstock/app/kline/mkline?param=2345,day,,1' from origin 'http://localhost:3000' has been blocked by CORS policy: No 'Access-Control-Allow-Origin' header is present on the requested resource. @ http://localhost:3000/:0
[   93154ms] [ERROR] Failed to load resource: net::ERR_FAILED @ https://web.ifzq.gtimg.cn/appstock/app/kline/mkline?param=2345,day,,1:0
[   93154ms] [ERROR] Access to fetch at 'https://web.ifzq.gtimg.cn/appstock/app/kline/mkline?param=4062.T,day,,1' from origin 'http://localhost:3000' has been blocked by CORS policy: No 'Access-Control-Allow-Origin' header is present on the requested resource. @ http://localhost:3000/:0
[   93154ms] [ERROR] Failed to load resource: net::ERR_FAILED @ https://web.ifzq.gtimg.cn/appstock/app/kline/mkline?param=4062.T,day,,1:0
[  123732ms] [ERROR] Access to fetch at 'https://web.ifzq.gtimg.cn/appstock/app/kline/mkline?param=2330,day,,1' from origin 'http://localhost:3000' has been blocked by CORS policy: No 'Access-Control-Allow-Origin' header is present on the requested resource. @ http://localhost:3000/:0
[  123732ms] [ERROR] Failed to load resource: net::ERR_FAILED @ https://web.ifzq.gtimg.cn/appstock/app/kline/mkline?param=2330,day,,1:0
[  123733ms] [ERROR] Access to fetch at 'https://web.ifzq.gtimg.cn/appstock/app/kline/mkline?param=005930,day,,1' from origin 'http://localhost:3000' has been blocked by CORS policy: No 'Access-Control-Allow-Origin' header is present on the requested resource. @ http://localhost:3000/:0
[  123733ms] [ERROR] Failed to load resource: net::ERR_FAILED @ https://web.ifzq.gtimg.cn/appstock/app/kline/mkline?param=005930,day,,1:0
[  123733ms] [ERROR] Access to fetch at 'https://web.ifzq.gtimg.cn/appstock/app/kline/mkline?param=000660,day,,1' from origin 'http://localhost:3000' has been blocked by CORS policy: No 'Access-Control-Allow-Origin' header is present on the requested resource. @ http://localhost:3000/:0
[  123733ms] [ERROR] Failed to load resource: net::ERR_FAILED @ https://web.ifzq.gtimg.cn/appstock/app/kline/mkline?param=000660,day,,1:0
[  123734ms] [ERROR] Access to fetch at 'https://web.ifzq.gtimg.cn/appstock/app/kline/mkline?param=2454,day,,1' from origin 'http://localhost:3000' has been blocked by CORS policy: No 'Access-Control-Allow-Origin' header is present on the requested resource. @ http://localhost:3000/:0
[  123734ms] [ERROR] Failed to load resource: net::ERR_FAILED @ https://web.ifzq.gtimg.cn/appstock/app/kline/mkline?param=2454,day,,1:0
[  123734ms] [ERROR] Access to fetch at 'https://web.ifzq.gtimg.cn/appstock/app/kline/mkline?param=2308,day,,1' from origin 'http://localhost:3000' has been blocked by CORS policy: No 'Access-Control-Allow-Origin' header is present on the requested resource. @ http://localhost:3000/:0
[  123734ms] [ERROR] Failed to load resource: net::ERR_FAILED @ https://web.ifzq.gtimg.cn/appstock/app/kline/mkline?param=2308,day,,1:0
[  123735ms] [ERROR] Access to fetch at 'https://web.ifzq.gtimg.cn/appstock/app/kline/mkline?param=2345,day,,1' from origin 'http://localhost:3000' has been blocked by CORS policy: No 'Access-Control-Allow-Origin' header is present on the requested resource. @ http://localhost:3000/:0
[  123735ms] [ERROR] Failed to load resource: net::ERR_FAILED @ https://web.ifzq.gtimg.cn/appstock/app/kline/mkline?param=2345,day,,1:0
[  123736ms] [ERROR] Access to fetch at 'https://web.ifzq.gtimg.cn/appstock/app/kline/mkline?param=4062.T,day,,1' from origin 'http://localhost:3000' has been blocked by CORS policy: No 'Access-Control-Allow-Origin' header is present on the requested resource. @ http://localhost:3000/:0
[  123736ms] [ERROR] Failed to load resource: net::ERR_FAILED @ https://web.ifzq.gtimg.cn/appstock/app/kline/mkline?param=4062.T,day,,1:0
[  154368ms] [ERROR] Access to fetch at 'https://web.ifzq.gtimg.cn/appstock/app/kline/mkline?param=2330,day,,1' from origin 'http://localhost:3000' has been blocked by CORS policy: No 'Access-Control-Allow-Origin' header is present on the requested resource. @ http://localhost:3000/:0
[  154368ms] [ERROR] Failed to load resource: net::ERR_FAILED @ https://web.ifzq.gtimg.cn/appstock/app/kline/mkline?param=2330,day,,1:0
[  154368ms] [ERROR] Access to fetch at 'https://web.ifzq.gtimg.cn/appstock/app/kline/mkline?param=005930,day,,1' from origin 'http://localhost:3000' has been blocked by CORS policy: No 'Access-Control-Allow-Origin' header is present on the requested resource. @ http://localhost:3000/:0
[  154369ms] [ERROR] Failed to load resource: net::ERR_FAILED @ https://web.ifzq.gtimg.cn/appstock/app/kline/mkline?param=005930,day,,1:0
[  154369ms] [ERROR] Access to fetch at 'https://web.ifzq.gtimg.cn/appstock/app/kline/mkline?param=000660,day,,1' from origin 'http://localhost:3000' has been blocked by CORS policy: No 'Access-Control-Allow-Origin' header is present on the requested resource. @ http://localhost:3000/:0
[  154369ms] [ERROR] Failed to load resource: net::ERR_FAILED @ https://web.ifzq.gtimg.cn/appstock/app/kline/mkline?param=000660,day,,1:0
[  154370ms] [ERROR] Access to fetch at 'https://web.ifzq.gtimg.cn/appstock/app/kline/mkline?param=2454,day,,1' from origin 'http://localhost:3000' has been blocked by CORS policy: No 'Access-Control-Allow-Origin' header is present on the requested resource. @ http://localhost:3000/:0
[  154371ms] [ERROR] Failed to load resource: net::ERR_FAILED @ https://web.ifzq.gtimg.cn/appstock/app/kline/mkline?param=2454,day,,1:0
[  154373ms] [ERROR] Access to fetch at 'https://web.ifzq.gtimg.cn/appstock/app/kline/mkline?param=2308,day,,1' from origin 'http://localhost:3000' has been blocked by CORS policy: No 'Access-Control-Allow-Origin' header is present on the requested resource. @ http://localhost:3000/:0
[  154374ms] [ERROR] Failed to load resource: net::ERR_FAILED @ https://web.ifzq.gtimg.cn/appstock/app/kline/mkline?param=2308,day,,1:0
[  154374ms] [ERROR] Access to fetch at 'https://web.ifzq.gtimg.cn/appstock/app/kline/mkline?param=2345,day,,1' from origin 'http://localhost:3000' has been blocked by CORS policy: No 'Access-Control-Allow-Origin' header is present on the requested resource. @ http://localhost:3000/:0
[  154374ms] [ERROR] Failed to load resource: net::ERR_FAILED @ https://web.ifzq.gtimg.cn/appstock/app/kline/mkline?param=2345,day,,1:0
[  154374ms] [ERROR] Access to fetch at 'https://web.ifzq.gtimg.cn/appstock/app/kline/mkline?param=4062.T,day,,1' from origin 'http://localhost:3000' has been blocked by CORS policy: No 'Access-Control-Allow-Origin' header is present on the requested resource. @ http://localhost:3000/:0
[  154374ms] [ERROR] Failed to load resource: net::ERR_FAILED @ https://web.ifzq.gtimg.cn/appstock/app/kline/mkline?param=4062.T,day,,1:0
[  184880ms] [ERROR] Access to fetch at 'https://web.ifzq.gtimg.cn/appstock/app/kline/mkline?param=2330,day,,1' from origin 'http://localhost:3000' has been blocked by CORS policy: No 'Access-Control-Allow-Origin' header is present on the requested resource. @ http://localhost:3000/:0
[  184880ms] [ERROR] Failed to load resource: net::ERR_FAILED @ https://web.ifzq.gtimg.cn/appstock/app/kline/mkline?param=2330,day,,1:0
[  184881ms] [ERROR] Access to fetch at 'https://web.ifzq.gtimg.cn/appstock/app/kline/mkline?param=005930,day,,1' from origin 'http://localhost:3000' has been blocked by CORS policy: No 'Access-Control-Allow-Origin' header is present on the requested resource. @ http://localhost:3000/:0
[  184881ms] [ERROR] Failed to load resource: net::ERR_FAILED @ https://web.ifzq.gtimg.cn/appstock/app/kline/mkline?param=005930,day,,1:0
[  184881ms] [ERROR] Access to fetch at 'https://web.ifzq.gtimg.cn/appstock/app/kline/mkline?param=000660,day,,1' from origin 'http://localhost:3000' has been blocked by CORS policy: No 'Access-Control-Allow-Origin' header is present on the requested resource. @ http://localhost:3000/:0
[  184881ms] [ERROR] Failed to load resource: net::ERR_FAILED @ https://web.ifzq.gtimg.cn/appstock/app/kline/mkline?param=000660,day,,1:0
[  184881ms] [ERROR] Access to fetch at 'https://web.ifzq.gtimg.cn/appstock/app/kline/mkline?param=2454,day,,1' from origin 'http://localhost:3000' has been blocked by CORS policy: No 'Access-Control-Allow-Origin' header is present on the requested resource. @ http://localhost:3000/:0
[  184882ms] [ERROR] Failed to load resource: net::ERR_FAILED @ https://web.ifzq.gtimg.cn/appstock/app/kline/mkline?param=2454,day,,1:0
[  184882ms] [ERROR] Access to fetch at 'https://web.ifzq.gtimg.cn/appstock/app/kline/mkline?param=2308,day,,1' from origin 'http://localhost:3000' has been blocked by CORS policy: No 'Access-Control-Allow-Origin' header is present on the requested resource. @ http://localhost:3000/:0
[  184882ms] [ERROR] Failed to load resource: net::ERR_FAILED @ https://web.ifzq.gtimg.cn/appstock/app/kline/mkline?param=2308,day,,1:0
[  184882ms] [ERROR] Access to fetch at 'https://web.ifzq.gtimg.cn/appstock/app/kline/mkline?param=2345,day,,1' from origin 'http://localhost:3000' has been blocked by CORS policy: No 'Access-Control-Allow-Origin' header is present on the requested resource. @ http://localhost:3000/:0
[  184882ms] [ERROR] Failed to load resource: net::ERR_FAILED @ https://web.ifzq.gtimg.cn/appstock/app/kline/mkline?param=2345,day,,1:0
[  184883ms] [ERROR] Access to fetch at 'https://web.ifzq.gtimg.cn/appstock/app/kline/mkline?param=4062.T,day,,1' from origin 'http://localhost:3000' has been blocked by CORS policy: No 'Access-Control-Allow-Origin' header is present on the requested resource. @ http://localhost:3000/:0
[  184883ms] [ERROR] Failed to load resource: net::ERR_FAILED @ https://web.ifzq.gtimg.cn/appstock/app/kline/mkline?param=4062.T,day,,1:0
[  199829ms] [LOG] [Fast Refresh] rebuilding @ http://localhost:3000/_next/static/chunks/node_modules_next_dist_f3530cac._.js:2297
[  200238ms] [LOG] [Fast Refresh] done in 274ms @ http://localhost:3000/_next/static/chunks/node_modules_next_dist_f3530cac._.js:2297
[  200460ms] [LOG] [Fast Refresh] rebuilding @ http://localhost:3000/_next/static/chunks/node_modules_next_dist_f3530cac._.js:2297
[  200499ms] [LOG] [Fast Refresh] done in 140ms @ http://localhost:3000/_next/static/chunks/node_modules_next_dist_f3530cac._.js:2297
[  215093ms] [LOG] [Fast Refresh] rebuilding @ http://localhost:3000/_next/static/chunks/node_modules_next_dist_f3530cac._.js:2297
[  215312ms] [LOG] [Fast Refresh] done in 268ms @ http://localhost:3000/_next/static/chunks/node_modules_next_dist_f3530cac._.js:2297
[  215516ms] [ERROR] Access to fetch at 'https://web.ifzq.gtimg.cn/appstock/app/kline/mkline?param=2330,day,,1' from origin 'http://localhost:3000' has been blocked by CORS policy: No 'Access-Control-Allow-Origin' header is present on the requested resource. @ http://localhost:3000/:0
[  215516ms] [ERROR] Failed to load resource: net::ERR_FAILED @ https://web.ifzq.gtimg.cn/appstock/app/kline/mkline?param=2330,day,,1:0
[  215516ms] [ERROR] Access to fetch at 'https://web.ifzq.gtimg.cn/appstock/app/kline/mkline?param=005930,day,,1' from origin 'http://localhost:3000' has been blocked by CORS policy: No 'Access-Control-Allow-Origin' header is present on the requested resource. @ http://localhost:3000/:0
[  215517ms] [ERROR] Failed to load resource: net::ERR_FAILED @ https://web.ifzq.gtimg.cn/appstock/app/kline/mkline?param=005930,day,,1:0
[  215517ms] [ERROR] Access to fetch at 'https://web.ifzq.gtimg.cn/appstock/app/kline/mkline?param=000660,day,,1' from origin 'http://localhost:3000' has been blocked by CORS policy: No 'Access-Control-Allow-Origin' header is present on the requested resource. @ http://localhost:3000/:0
[  215517ms] [ERROR] Failed to load resource: net::ERR_FAILED @ https://web.ifzq.gtimg.cn/appstock/app/kline/mkline?param=000660,day,,1:0
[  215517ms] [ERROR] Access to fetch at 'https://web.ifzq.gtimg.cn/appstock/app/kline/mkline?param=2454,day,,1' from origin 'http://localhost:3000' has been blocked by CORS policy: No 'Access-Control-Allow-Origin' header is present on the requested resource. @ http://localhost:3000/:0
[  215517ms] [ERROR] Failed to load resource: net::ERR_FAILED @ https://web.ifzq.gtimg.cn/appstock/app/kline/mkline?param=2454,day,,1:0
[  215517ms] [ERROR] Access to fetch at 'https://web.ifzq.gtimg.cn/appstock/app/kline/mkline?param=2308,day,,1' from origin 'http://localhost:3000' has been blocked by CORS policy: No 'Access-Control-Allow-Origin' header is present on the requested resource. @ http://localhost:3000/:0
[  215517ms] [ERROR] Failed to load resource: net::ERR_FAILED @ https://web.ifzq.gtimg.cn/appstock/app/kline/mkline?param=2308,day,,1:0
[  215518ms] [ERROR] Access to fetch at 'https://web.ifzq.gtimg.cn/appstock/app/kline/mkline?param=2345,day,,1' from origin 'http://localhost:3000' has been blocked by CORS policy: No 'Access-Control-Allow-Origin' header is present on the requested resource. @ http://localhost:3000/:0
[  215518ms] [ERROR] Failed to load resource: net::ERR_FAILED @ https://web.ifzq.gtimg.cn/appstock/app/kline/mkline?param=2345,day,,1:0
[  215518ms] [ERROR] Access to fetch at 'https://web.ifzq.gtimg.cn/appstock/app/kline/mkline?param=4062.T,day,,1' from origin 'http://localhost:3000' has been blocked by CORS policy: No 'Access-Control-Allow-Origin' header is present on the requested resource. @ http://localhost:3000/:0
[  215518ms] [ERROR] Failed to load resource: net::ERR_FAILED @ https://web.ifzq.gtimg.cn/appstock/app/kline/mkline?param=4062.T,day,,1:0
[  246220ms] [LOG] [Fast Refresh] rebuilding @ http://localhost:3000/_next/static/chunks/node_modules_next_dist_f3530cac._.js:2297
[  246917ms] [LOG] [Fast Refresh] done in 800ms @ http://localhost:3000/_next/static/chunks/node_modules_next_dist_f3530cac._.js:2297
